2025-07-25 11:29:01,290 - __main__ - INFO - 使用設備: cpu
2025-07-25 11:29:01,300 - __main__ - INFO - 創建新的檢測模型
2025-07-25 11:29:02,618 - __main__ - INFO - 載入資料集...
2025-07-25 11:30:53,274 - __main__ - INFO - 使用設備: cpu
2025-07-25 11:30:53,274 - __main__ - INFO - 創建新的檢測模型
2025-07-25 11:30:54,696 - __main__ - INFO - 載入資料集...
2025-07-25 11:31:15,727 - __main__ - INFO - 使用設備: cpu
2025-07-25 11:31:15,727 - __main__ - INFO - 創建新的檢測模型
2025-07-25 11:31:17,055 - __main__ - INFO - 載入資料集...
2025-07-25 11:37:09,294 - __main__ - INFO - 使用設備: cpu
2025-07-25 11:37:09,294 - __main__ - INFO - 創建新的檢測模型
2025-07-25 11:37:10,787 - __main__ - INFO - 載入資料集...
2025-07-25 11:37:16,713 - __main__ - INFO - 訓練集大小: 22868
2025-07-25 11:37:16,713 - __main__ - INFO - 驗證集大小: 3820
2025-07-25 11:37:16,713 - __main__ - INFO - 
開始訓練 Epoch 1/1
2025-07-25 11:37:45,568 - __main__ - INFO - 使用設備: cpu
2025-07-25 11:37:45,568 - __main__ - INFO - 創建新的檢測模型
2025-07-25 11:37:46,974 - __main__ - INFO - 載入資料集...
2025-07-25 11:37:51,224 - __main__ - INFO - 訓練集大小: 22868
2025-07-25 11:37:51,224 - __main__ - INFO - 驗證集大小: 3820
2025-07-25 11:37:51,224 - __main__ - INFO - 
開始訓練 Epoch 1/1
2025-07-25 13:36:38,578 - __main__ - INFO - 使用設備: cpu
2025-07-25 13:36:38,579 - __main__ - INFO - 創建新的檢測模型
2025-07-25 13:36:39,770 - __main__ - INFO - 載入資料集...
2025-07-25 13:36:43,460 - __main__ - INFO - 訓練集大小: 22868
2025-07-25 13:36:43,460 - __main__ - INFO - 驗證集大小: 3820
2025-07-25 13:36:43,460 - __main__ - INFO - 
開始訓練 Epoch 1/50
